<?xml version="1.0" encoding="UTF-8"?>
<!-- Generated by org.testng.reporters.JUnitXMLReporter -->
<testsuite hostname="LAPTOP-LGE6NPIB" ignored="2" name="Test one" tests="1" failures="0" timestamp="2019-10-02T20:59:31 IST" time="0.031" errors="0">
  <testcase name="testCase" time="0.015" classname="week5.day1.AA.TestNG.Groups.AnnatationsOfTestNG"/>
  <testcase name="testCaseOne" time="0.0" classname="week5.day1.AA.TestNG.Groups.AnnatationsOfTestNG">
    <ignored/>
  </testcase> <!-- testCaseOne -->
  <testcase name="testCaseThree" time="0.0" classname="week5.day1.AA.TestNG.Groups.AnnatationsOfTestNG">
    <ignored/>
  </testcase> <!-- testCaseThree -->
</testsuite> <!-- Test one -->
