<?xml version="1.0" encoding="UTF-8"?>
<testng-results skipped="0" failed="1" ignored="0" total="2" passed="1">
  <reporter-output>
  </reporter-output>
  <suite name="Default suite" duration-ms="70529" started-at="2020-12-06T08:35:03 IST" finished-at="2020-12-06T08:36:14 IST">
    <groups>
      <group name="cucumber">
        <method signature="AbstractTestNGCucumberTests.runScenario(cucumber.api.testng.PickleEventWrapper, cucumber.api.testng.CucumberFeatureWrapper)[pri:0, instance:runner.RunTestMultipleImplementationsInGlue@5e0e82ae]" name="runScenario" class="cucumber.api.testng.AbstractTestNGCucumberTests"/>
      </group> <!-- cucumber -->
    </groups>
    <test name="Default test" duration-ms="70529" started-at="2020-12-06T08:35:03 IST" finished-at="2020-12-06T08:36:14 IST">
      <class name="runner.RunTestMultipleImplementationsInGlue">
        <test-method status="PASS" signature="setUpClass()[pri:0, instance:runner.RunTestMultipleImplementationsInGlue@5e0e82ae]" name="setUpClass" is-config="true" duration-ms="147" started-at="2020-12-06T08:35:03 IST" finished-at="2020-12-06T08:35:03 IST">
          <reporter-output>
          </reporter-output>
        </test-method> <!-- setUpClass -->
        <test-method status="FAIL" signature="runScenario(cucumber.api.testng.PickleEventWrapper, cucumber.api.testng.CucumberFeatureWrapper)[pri:0, instance:runner.RunTestMultipleImplementationsInGlue@5e0e82ae]" name="runScenario" duration-ms="43994" started-at="2020-12-06T08:35:03 IST" description="Runs Cucumber Scenarios" data-provider="scenarios" finished-at="2020-12-06T08:35:47 IST">
          <params>
            <param index="0">
              <value>
                <![CDATA["TC001 How to run multiple implementations in Glue"]]>
              </value>
            </param>
            <param index="1">
              <value>
                <![CDATA["Leaftaps Login Steps"]]>
              </value>
            </param>
          </params>
          <exception class="org.openqa.selenium.NoSuchElementException">
            <message>
              <![CDATA[no such element: Unable to locate element: {"method":"link text","selector":"CRM/SFA"}
  (Session info: chrome=87.0.4280.88)
For documentation on this error, please visit: https://www.seleniumhq.org/exceptions/no_such_element.html
Build info: version: '3.141.59', revision: 'e82be7d358', time: '2018-11-14T08:17:03'
System info: host: 'LAPTOP-LGE6NPIB', ip: '192.168.2.1', os.name: 'Windows 10', os.arch: 'amd64', os.version: '10.0', java.version: '1.8.0_171'
Driver info: org.openqa.selenium.chrome.ChromeDriver
Capabilities {acceptInsecureCerts: false, browserName: chrome, browserVersion: 87.0.4280.88, chrome: {chromedriverVersion: 87.0.4280.88 (89e2380a3e36c..., userDataDir: C:\Users\KAVIN\AppData\Loca...}, goog:chromeOptions: {debuggerAddress: localhost:60917}, javascriptEnabled: true, networkConnectionEnabled: false, pageLoadStrategy: normal, platform: WINDOWS, platformName: WINDOWS, proxy: Proxy(), setWindowRect: true, strictFileInteractability: false, timeouts: {implicit: 0, pageLoad: 300000, script: 30000}, unhandledPromptBehavior: dismiss and notify, webauthn:virtualAuthenticators: true}
Session ID: 6cf82824e3f2f50c23e9be26016f9aac
*** Element info: {Using=link text, value=CRM/SFA}]]>
            </message>
            <full-stacktrace>
              <![CDATA[org.openqa.selenium.NoSuchElementException: no such element: Unable to locate element: {"method":"link text","selector":"CRM/SFA"}
  (Session info: chrome=87.0.4280.88)
For documentation on this error, please visit: https://www.seleniumhq.org/exceptions/no_such_element.html
Build info: version: '3.141.59', revision: 'e82be7d358', time: '2018-11-14T08:17:03'
System info: host: 'LAPTOP-LGE6NPIB', ip: '192.168.2.1', os.name: 'Windows 10', os.arch: 'amd64', os.version: '10.0', java.version: '1.8.0_171'
Driver info: org.openqa.selenium.chrome.ChromeDriver
Capabilities {acceptInsecureCerts: false, browserName: chrome, browserVersion: 87.0.4280.88, chrome: {chromedriverVersion: 87.0.4280.88 (89e2380a3e36c..., userDataDir: C:\Users\KAVIN\AppData\Loca...}, goog:chromeOptions: {debuggerAddress: localhost:60917}, javascriptEnabled: true, networkConnectionEnabled: false, pageLoadStrategy: normal, platform: WINDOWS, platformName: WINDOWS, proxy: Proxy(), setWindowRect: true, strictFileInteractability: false, timeouts: {implicit: 0, pageLoad: 300000, script: 30000}, unhandledPromptBehavior: dismiss and notify, webauthn:virtualAuthenticators: true}
Session ID: 6cf82824e3f2f50c23e9be26016f9aac
*** Element info: {Using=link text, value=CRM/SFA}
at sun.reflect.NativeConstructorAccessorImpl.newInstance0(Native Method)
at sun.reflect.NativeConstructorAccessorImpl.newInstance(NativeConstructorAccessorImpl.java:62)
at sun.reflect.DelegatingConstructorAccessorImpl.newInstance(DelegatingConstructorAccessorImpl.java:45)
at java.lang.reflect.Constructor.newInstance(Constructor.java:423)
at org.openqa.selenium.remote.http.W3CHttpResponseCodec.createException(W3CHttpResponseCodec.java:187)
at org.openqa.selenium.remote.http.W3CHttpResponseCodec.decode(W3CHttpResponseCodec.java:122)
at org.openqa.selenium.remote.http.W3CHttpResponseCodec.decode(W3CHttpResponseCodec.java:49)
at org.openqa.selenium.remote.HttpCommandExecutor.execute(HttpCommandExecutor.java:158)
at org.openqa.selenium.remote.service.DriverCommandExecutor.execute(DriverCommandExecutor.java:83)
at org.openqa.selenium.remote.RemoteWebDriver.execute(RemoteWebDriver.java:552)
at org.openqa.selenium.remote.RemoteWebDriver.findElement(RemoteWebDriver.java:323)
at org.openqa.selenium.remote.RemoteWebDriver.findElementByLinkText(RemoteWebDriver.java:380)
at stepsMultipleImplementationsInGlue.LoginStepsMultipleImplementationsInGlue.clickOnCRMSFA(LoginStepsMultipleImplementationsInGlue.java:53)
at ✽.Click CRMSFA Link(file:src/test/java/features/MultipleImplementationsInGlue.feature:16)
]]>
            </full-stacktrace>
          </exception> <!-- org.openqa.selenium.NoSuchElementException -->
          <reporter-output>
          </reporter-output>
        </test-method> <!-- runScenario -->
        <test-method status="PASS" signature="runScenario(cucumber.api.testng.PickleEventWrapper, cucumber.api.testng.CucumberFeatureWrapper)[pri:0, instance:runner.RunTestMultipleImplementationsInGlue@5e0e82ae]" name="runScenario" duration-ms="26277" started-at="2020-12-06T08:35:47 IST" description="Runs Cucumber Scenarios" data-provider="scenarios" finished-at="2020-12-06T08:36:14 IST">
          <params>
            <param index="0">
              <value>
                <![CDATA["TC001 How to run multiple implementations in Glue"]]>
              </value>
            </param>
            <param index="1">
              <value>
                <![CDATA["Leaftaps Login Steps"]]>
              </value>
            </param>
          </params>
          <reporter-output>
          </reporter-output>
        </test-method> <!-- runScenario -->
        <test-method status="PASS" signature="tearDownClass()[pri:0, instance:runner.RunTestMultipleImplementationsInGlue@5e0e82ae]" name="tearDownClass" is-config="true" duration-ms="15" started-at="2020-12-06T08:36:14 IST" finished-at="2020-12-06T08:36:14 IST">
          <reporter-output>
          </reporter-output>
        </test-method> <!-- tearDownClass -->
      </class> <!-- runner.RunTestMultipleImplementationsInGlue -->
    </test> <!-- Default test -->
  </suite> <!-- Default suite -->
</testng-results>
